PhantomJS is launching GhostDriver...
[INFO  - 2014-06-11T17:52:23.348Z] GhostDriver - Main - running on port 3312
[INFO  - 2014-06-11T17:52:24.759Z] Session [252d13f0-f191-11e3-99be-e1ea6b3f97e3] - page.settings - {"XSSAuditingEnabled":false,"javascriptCanCloseWindows":true,"javascriptCanOpenWindows":true,"javascriptEnabled":true,"loadImages":true,"localToRemoteUrlAccessEnabled":false,"userAgent":"Mozilla/5.0 (Windows NT 6.1) AppleWebKit/534.34 (KHTML, like Gecko) PhantomJS/1.9.7 Safari/534.34","webSecurityEnabled":true}
[INFO  - 2014-06-11T17:52:24.759Z] Session [252d13f0-f191-11e3-99be-e1ea6b3f97e3] - page.customHeaders:  - {}
[INFO  - 2014-06-11T17:52:24.760Z] Session [252d13f0-f191-11e3-99be-e1ea6b3f97e3] - Session.negotiatedCapabilities - {"browserName":"phantomjs","version":"1.9.7","driverName":"ghostdriver","driverVersion":"1.1.0","platform":"windows-7-32bit","javascriptEnabled":true,"takesScreenshot":true,"handlesAlerts":false,"databaseEnabled":false,"locationContextEnabled":false,"applicationCacheEnabled":false,"browserConnectionEnabled":false,"cssSelectorsEnabled":true,"webStorageEnabled":false,"rotatable":false,"acceptSslCerts":false,"nativeEvents":true,"proxy":{"proxyType":"direct"}}
[INFO  - 2014-06-11T17:52:24.760Z] SessionManagerReqHand - _postNewSessionCommand - New Session Created: 252d13f0-f191-11e3-99be-e1ea6b3f97e3
[ERROR - 2014-06-11T17:52:33.626Z] Session [252d13f0-f191-11e3-99be-e1ea6b3f97e3] - page.onError - msg: ReferenceError: Can't find variable: fs
[ERROR - 2014-06-11T17:52:33.626Z] Session [252d13f0-f191-11e3-99be-e1ea6b3f97e3] - page.onError - stack:
  (anonymous function) (https://www.linkedin.com/uas/login?goback=&trk=hb_signin:14)
[ERROR - 2014-06-11T17:52:33.628Z] Session [252d13f0-f191-11e3-99be-e1ea6b3f97e3] - page.onError - msg: ReferenceError: Can't find variable: LI
[ERROR - 2014-06-11T17:52:33.628Z] Session [252d13f0-f191-11e3-99be-e1ea6b3f97e3] - page.onError - stack:
  (anonymous function) (https://www.linkedin.com/uas/login?goback=&trk=hb_signin:35)
[ERROR - 2014-06-11T17:52:33.628Z] Session [252d13f0-f191-11e3-99be-e1ea6b3f97e3] - page.onError - msg: ReferenceError: Can't find variable: LI
[ERROR - 2014-06-11T17:52:33.628Z] Session [252d13f0-f191-11e3-99be-e1ea6b3f97e3] - page.onError - stack:
  (anonymous function) (https://www.linkedin.com/uas/login?goback=&trk=hb_signin:41)
[ERROR - 2014-06-11T17:52:33.628Z] Session [252d13f0-f191-11e3-99be-e1ea6b3f97e3] - page.onError - msg: ReferenceError: Can't find variable: fs
[ERROR - 2014-06-11T17:52:33.628Z] Session [252d13f0-f191-11e3-99be-e1ea6b3f97e3] - page.onError - stack:
  (anonymous function) (https://www.linkedin.com/uas/login?goback=&trk=hb_signin:49)
[ERROR - 2014-06-11T17:52:34.795Z] Session [252d13f0-f191-11e3-99be-e1ea6b3f97e3] - page.onError - msg: ReferenceError: Can't find variable: LI
[ERROR - 2014-06-11T17:52:34.795Z] Session [252d13f0-f191-11e3-99be-e1ea6b3f97e3] - page.onError - stack:
  (anonymous function) (https://static.licdn.com/scds/concat/common/js?h=ditm8xdycl29ta8gqk5tpmxf8-czstax4e6y68hymdvqxpwe5so:1)
[ERROR - 2014-06-11T17:52:34.795Z] Session [252d13f0-f191-11e3-99be-e1ea6b3f97e3] - page.onError - msg: ReferenceError: Can't find variable: fs
[ERROR - 2014-06-11T17:52:34.796Z] Session [252d13f0-f191-11e3-99be-e1ea6b3f97e3] - page.onError - stack:
  (anonymous function) (https://www.linkedin.com/uas/login?goback=&trk=hb_signin:52)
[ERROR - 2014-06-11T17:52:34.810Z] Session [252d13f0-f191-11e3-99be-e1ea6b3f97e3] - page.onError - msg: ReferenceError: Can't find variable: LI
[ERROR - 2014-06-11T17:52:34.810Z] Session [252d13f0-f191-11e3-99be-e1ea6b3f97e3] - page.onError - stack:
  (anonymous function) (https://static.licdn.com/scds/concat/common/js?h=6b5tomv24hymqjdn9yh9vdxyg-95d8d303rtd0n9wj4dcjbnh2c-b0i2ltvivggf15dlzc359ook3:1)
[ERROR - 2014-06-11T17:52:34.816Z] Session [252d13f0-f191-11e3-99be-e1ea6b3f97e3] - page.onError - msg: ReferenceError: Can't find variable: LI
[ERROR - 2014-06-11T17:52:34.816Z] Session [252d13f0-f191-11e3-99be-e1ea6b3f97e3] - page.onError - stack:
  (anonymous function) (https://www.linkedin.com/uas/login?goback=&trk=hb_signin:59)
[ERROR - 2014-06-11T17:52:34.823Z] Session [252d13f0-f191-11e3-99be-e1ea6b3f97e3] - page.onError - msg: ReferenceError: Can't find variable: LI
[ERROR - 2014-06-11T17:52:34.823Z] Session [252d13f0-f191-11e3-99be-e1ea6b3f97e3] - page.onError - stack:
  (anonymous function) (https://static.licdn.com/scds/concat/common/js?h=dn8qx4g93kmn89p8x70z1o4cs:1)
[ERROR - 2014-06-11T17:52:34.824Z] Session [252d13f0-f191-11e3-99be-e1ea6b3f97e3] - page.onError - msg: ReferenceError: Can't find variable: fs
[ERROR - 2014-06-11T17:52:34.824Z] Session [252d13f0-f191-11e3-99be-e1ea6b3f97e3] - page.onError - stack:
  (anonymous function) (https://www.linkedin.com/uas/login?goback=&trk=hb_signin:98)
[ERROR - 2014-06-11T17:52:35.305Z] Session [252d13f0-f191-11e3-99be-e1ea6b3f97e3] - page.onError - msg: ReferenceError: Can't find variable: YAHOO
[ERROR - 2014-06-11T17:52:35.305Z] Session [252d13f0-f191-11e3-99be-e1ea6b3f97e3] - page.onError - stack:
  (anonymous function) (https://static.licdn.com/scds/concat/common/js?h=62og8s54488owngg0s7escdit-3ufb745s29q1ovtbq6htt6rwh-aujmp9r1kj9k9x4ezyk8ahfbk-62cjxbtqyt2o85tawwwz12otx-80bc71htcvb1hpj24e3weqpaf-d25t3jwqpgzv7njh2nak0ihfd-1pa3tpaab6s85oxj5wgz5m0p7-3cw9zqh27j8wo0rqo8bt3r52y-5y8i6tkbfzdyalcv8pf9k6ph1-3i7ubdukif1jevuf29ftmtvjs-dl9atqq4ehr8q76eobsd8mbm8-5cmfpe4jqrweez449s97ldikg-85irzxzbd5halvkstu9vwbyf6:7)
  (anonymous function) (https://static.licdn.com/scds/concat/common/js?h=62og8s54488owngg0s7escdit-3ufb745s29q1ovtbq6htt6rwh-aujmp9r1kj9k9x4ezyk8ahfbk-62cjxbtqyt2o85tawwwz12otx-80bc71htcvb1hpj24e3weqpaf-d25t3jwqpgzv7njh2nak0ihfd-1pa3tpaab6s85oxj5wgz5m0p7-3cw9zqh27j8wo0rqo8bt3r52y-5y8i6tkbfzdyalcv8pf9k6ph1-3i7ubdukif1jevuf29ftmtvjs-dl9atqq4ehr8q76eobsd8mbm8-5cmfpe4jqrweez449s97ldikg-85irzxzbd5halvkstu9vwbyf6:11)
[ERROR - 2014-06-11T17:52:35.306Z] Session [252d13f0-f191-11e3-99be-e1ea6b3f97e3] - page.onError - msg: ReferenceError: Can't find variable: fs
[ERROR - 2014-06-11T17:52:35.306Z] Session [252d13f0-f191-11e3-99be-e1ea6b3f97e3] - page.onError - stack:
  (anonymous function) (https://www.linkedin.com/uas/login?goback=&trk=hb_signin:251)
[ERROR - 2014-06-11T17:52:35.310Z] Session [252d13f0-f191-11e3-99be-e1ea6b3f97e3] - page.onError - msg: ReferenceError: Can't find variable: LI
[ERROR - 2014-06-11T17:52:35.310Z] Session [252d13f0-f191-11e3-99be-e1ea6b3f97e3] - page.onError - stack:
  (anonymous function) (https://www.linkedin.com/uas/login?goback=&trk=hb_signin:261)
[ERROR - 2014-06-11T17:52:35.348Z] Session [252d13f0-f191-11e3-99be-e1ea6b3f97e3] - page.onError - msg: ReferenceError: Can't find variable: LI
[ERROR - 2014-06-11T17:52:35.348Z] Session [252d13f0-f191-11e3-99be-e1ea6b3f97e3] - page.onError - stack:
  (anonymous function) (https://www.linkedin.com/uas/login?goback=&trk=hb_signin:358)
[ERROR - 2014-06-11T17:52:35.348Z] Session [252d13f0-f191-11e3-99be-e1ea6b3f97e3] - page.onError - msg: ReferenceError: Can't find variable: LI_WCT
[ERROR - 2014-06-11T17:52:35.348Z] Session [252d13f0-f191-11e3-99be-e1ea6b3f97e3] - page.onError - stack:
  (anonymous function) (https://www.linkedin.com/uas/login?goback=&trk=hb_signin:370)
[ERROR - 2014-06-11T17:52:35.348Z] Session [252d13f0-f191-11e3-99be-e1ea6b3f97e3] - page.onError - msg: ReferenceError: Can't find variable: fs
[ERROR - 2014-06-11T17:52:35.349Z] Session [252d13f0-f191-11e3-99be-e1ea6b3f97e3] - page.onError - stack:
  (anonymous function) (https://www.linkedin.com/uas/login?goback=&trk=hb_signin:375)
[ERROR - 2014-06-11T17:52:35.408Z] Session [252d13f0-f191-11e3-99be-e1ea6b3f97e3] - page.onError - msg: ReferenceError: Can't find variable: LI
[ERROR - 2014-06-11T17:52:35.408Z] Session [252d13f0-f191-11e3-99be-e1ea6b3f97e3] - page.onError - stack:
  (anonymous function) (https://www.linkedin.com/uas/login?goback=&trk=hb_signin:393)
[ERROR - 2014-06-11T17:52:35.409Z] Session [252d13f0-f191-11e3-99be-e1ea6b3f97e3] - page.onError - msg: TypeError: 'undefined' is not an object (evaluating 'window.LI.Events')
[ERROR - 2014-06-11T17:52:35.409Z] Session [252d13f0-f191-11e3-99be-e1ea6b3f97e3] - page.onError - stack:
  (anonymous function) (https://static.licdn.com/scds/concat/common/js?h=3i7ubdukif1jevuf29ftmtvjs-dl9atqq4ehr8q76eobsd8mbm8-dlcimwl96rttjyfr26x4i92ol-1m7sfcez3isjwlg5yrudwy1mz-85irzxzbd5halvkstu9vwbyf6:131)
  (anonymous function) (https://static.licdn.com/scds/concat/common/js?h=3i7ubdukif1jevuf29ftmtvjs-dl9atqq4ehr8q76eobsd8mbm8-dlcimwl96rttjyfr26x4i92ol-1m7sfcez3isjwlg5yrudwy1mz-85irzxzbd5halvkstu9vwbyf6:164)
[ERROR - 2014-06-11T17:52:35.410Z] Session [252d13f0-f191-11e3-99be-e1ea6b3f97e3] - page.onError - msg: ReferenceError: Can't find variable: fs
[ERROR - 2014-06-11T17:52:35.410Z] Session [252d13f0-f191-11e3-99be-e1ea6b3f97e3] - page.onError - stack:
  (anonymous function) (https://www.linkedin.com/uas/login?goback=&trk=hb_signin:408)
[ERROR - 2014-06-11T17:52:35.410Z] Session [252d13f0-f191-11e3-99be-e1ea6b3f97e3] - page.onError - msg: ReferenceError: Can't find variable: LI
[ERROR - 2014-06-11T17:52:35.410Z] Session [252d13f0-f191-11e3-99be-e1ea6b3f97e3] - page.onError - stack:
  (anonymous function) (https://static.licdn.com/scds/concat/common/js?h=5nccf2l0s6sx33q8rxgr9lg73-9t8kuspsvkr9x9idyawoejfbv:1)
[ERROR - 2014-06-11T17:52:35.499Z] Session [252d13f0-f191-11e3-99be-e1ea6b3f97e3] - page.onError - msg: ReferenceError: Can't find variable: $
[ERROR - 2014-06-11T17:52:35.499Z] Session [252d13f0-f191-11e3-99be-e1ea6b3f97e3] - page.onError - stack:
  (anonymous function) (https://static.licdn.com/scds/concat/common/js?h=eq875keqggun9hoxzfhbanjes:40)
[ERROR - 2014-06-11T17:52:35.537Z] Session [252d13f0-f191-11e3-99be-e1ea6b3f97e3] - page.onError - msg: TypeError: 'undefined' is not an object (evaluating 'LI.i18n.get')
[ERROR - 2014-06-11T17:52:35.537Z] Session [252d13f0-f191-11e3-99be-e1ea6b3f97e3] - page.onError - stack:
  (anonymous function) (https://static.licdn.com/scds/concat/common/js?h=91t4399cntxoh0e7wbzpsiqfj-4ctyhul13sruu19hcui2s5a9p:6)
  (anonymous function) (https://static.licdn.com/scds/concat/common/js?h=91t4399cntxoh0e7wbzpsiqfj-4ctyhul13sruu19hcui2s5a9p:309)
[ERROR - 2014-06-11T17:52:35.538Z] Session [252d13f0-f191-11e3-99be-e1ea6b3f97e3] - page.onError - msg: ReferenceError: Can't find variable: YEvent
[ERROR - 2014-06-11T17:52:35.538Z] Session [252d13f0-f191-11e3-99be-e1ea6b3f97e3] - page.onError - stack:
  (anonymous function) (https://www.linkedin.com/uas/login?goback=&trk=hb_signin:486)
[ERROR - 2014-06-11T17:52:35.539Z] Session [252d13f0-f191-11e3-99be-e1ea6b3f97e3] - page.onError - msg: TypeError: 'undefined' is not a function (evaluating 'LI.readCookie("bcookie")')
[ERROR - 2014-06-11T17:52:35.539Z] Session [252d13f0-f191-11e3-99be-e1ea6b3f97e3] - page.onError - stack:
  (anonymous function) (https://www.linkedin.com/uas/login?goback=&trk=hb_signin:494)
  (anonymous function) (https://www.linkedin.com/uas/login?goback=&trk=hb_signin:511)
[ERROR - 2014-06-11T17:52:35.540Z] Session [252d13f0-f191-11e3-99be-e1ea6b3f97e3] - page.onError - msg: TypeError: 'undefined' is not an object (evaluating 'LI.Controls.processQueue')
[ERROR - 2014-06-11T17:52:35.540Z] Session [252d13f0-f191-11e3-99be-e1ea6b3f97e3] - page.onError - stack:
  (anonymous function) (https://www.linkedin.com/uas/login?goback=&trk=hb_signin:513)
[ERROR - 2014-06-11T17:52:35.803Z] Session [252d13f0-f191-11e3-99be-e1ea6b3f97e3] - page.onError - msg: TypeError: 'undefined' is not an object (evaluating 'e.track.errors')
[ERROR - 2014-06-11T17:52:35.803Z] Session [252d13f0-f191-11e3-99be-e1ea6b3f97e3] - page.onError - stack:
  (anonymous function) (https://static.licdn.com/scds/concat/common/js?h=ed29nkjpsa16bhrjq4na16owq-1mucgfycc664m7vmhpjgqse65-1l5rurej3h44qodo5rn0cdvyn-8om6v2ckrxsbnwf40t9ta8a7e-76obwsndwuezb3jvqdl4yjujw-6twiyur1ifxc26u5qq77bm02p-bcnnft1f7bao2zsny6fcc98pw-cz8o4v1lqi6hq7gyskasifgyo-aac54ic1fmca5xz1yvc5t9nfe-bnn4cs5bhbf0p4j9vdbdu80ig:6)
  (anonymous function) (https://static.licdn.com/scds/concat/common/js?h=ed29nkjpsa16bhrjq4na16owq-1mucgfycc664m7vmhpjgqse65-1l5rurej3h44qodo5rn0cdvyn-8om6v2ckrxsbnwf40t9ta8a7e-76obwsndwuezb3jvqdl4yjujw-6twiyur1ifxc26u5qq77bm02p-bcnnft1f7bao2zsny6fcc98pw-cz8o4v1lqi6hq7gyskasifgyo-aac54ic1fmca5xz1yvc5t9nfe-bnn4cs5bhbf0p4j9vdbdu80ig:6)
